Build started 10/18/2018 11:35:21 AM.
     1>Project "C:\Users\Ailton\Documents\GitHub\eXait_Plugin_CodeCacheDetectionByCodePattern\CodeCacheDetectionByCode\CodeCacheDetectionByCode.vcxproj" on node 2 (build target(s)).
     1>InitializeBuildStatus:
         Touching "Debug\eXait_CodeCacheDetectionByCode.unsuccessfulbuild".
       ClCompile:
         All outputs are up-to-date.
       Link:
         C:\Program Files (x86)\Microsoft Visual Studio 10.0\VC\bin\link.exe /ERRORREPORT:PROMPT /OUT:"C:\Users\Ailton\Documents\GitHub\eXait_Plugin_CodeCacheDetectionByCodePattern\Debug\eXait_CodeCacheDetectionByCode.dll" /INCREMENTAL:NO /NOLOGO kernel32.lib user32.lib gdi32.lib winspool.lib comdlg32.lib advapi32.lib shell32.lib ole32.lib oleaut32.lib uuid.lib odbc32.lib odbccp32.lib /MANIFEST /ManifestFile:"Debug\eXait_CodeCacheDetectionByCode.dll.intermediate.manifest" /MANIFESTUAC:"level='asInvoker' uiAccess='false'" /DEBUG /PDB:"C:\Users\Ailton\Documents\GitHub\eXait_Plugin_CodeCacheDetectionByCodePattern\Debug\eXait_CodeCacheDetectionByCode.pdb" /SUBSYSTEM:CONSOLE /TLBID:1 /DYNAMICBASE /NXCOMPAT /IMPLIB:"C:\Users\Ailton\Documents\GitHub\eXait_Plugin_CodeCacheDetectionByCodePattern\Debug\eXait_CodeCacheDetectionByCode.lib" /MACHINE:X86 /DLL Debug\eXait_CodeCacheDetectionByCode.obj
         Debug\MemUpdateMapInformations.obj
     1>eXait_CodeCacheDetectionByCode.obj : warning LNK4075: ignoring '/EDITANDCONTINUE' due to '/INCREMENTAL:NO' specification
            Creating library C:\Users\Ailton\Documents\GitHub\eXait_Plugin_CodeCacheDetectionByCodePattern\Debug\eXait_CodeCacheDetectionByCode.lib and object C:\Users\Ailton\Documents\GitHub\eXait_Plugin_CodeCacheDetectionByCodePattern\Debug\eXait_CodeCacheDetectionByCode.exp
         CodeCacheDetectionByCode.vcxproj -> C:\Users\Ailton\Documents\GitHub\eXait_Plugin_CodeCacheDetectionByCodePattern\Debug\eXait_CodeCacheDetectionByCode.dll
       Manifest:
         C:\Program Files (x86)\Microsoft SDKs\Windows\v7.0A\bin\mt.exe /nologo /verbose /outputresource:"C:\Users\Ailton\Documents\GitHub\eXait_Plugin_CodeCacheDetectionByCodePattern\Debug\eXait_CodeCacheDetectionByCode.dll;#2" /manifest Debug\eXait_CodeCacheDetectionByCode.dll.intermediate.manifest
       FinalizeBuildStatus:
         Deleting file "Debug\eXait_CodeCacheDetectionByCode.unsuccessfulbuild".
         Touching "Debug\eXait_CodeCacheDetectionByCode.lastbuildstate".
     1>Done Building Project "C:\Users\Ailton\Documents\GitHub\eXait_Plugin_CodeCacheDetectionByCodePattern\CodeCacheDetectionByCode\CodeCacheDetectionByCode.vcxproj" (build target(s)).

Build succeeded.

Time Elapsed 00:00:00.26
