Build started 10/19/2018 3:12:38 PM.
     1>Project "C:\Users\Ailton\Documents\GitHub\eXait_Plugin_CodeCacheDetectionByFEEDBEAF\CodeCacheDetectionByFEEDBEAF\CodeCacheDetectionByFEEDBEAF.vcxproj" on node 2 (build target(s)).
     1>InitializeBuildStatus:
         Creating "Debug\eXait_CodeCacheDetectionByFEEDBEAF.unsuccessfulbuild" because "AlwaysCreate" was specified.
       ClCompile:
         C:\Program Files (x86)\Microsoft Visual Studio 10.0\VC\bin\CL.exe /c /I"C:\Users\ailto\Documents\Visual Studio 2010\Projects\CodeCacheDetectionByCode\CodeCacheDetectionByCode" /ZI /nologo /W3 /WX- /Od /Oy- /D WIN32 /D _DEBUG /D _CONSOLE /D _WINDLL /D _MBCS /Gm /EHsc /RTC1 /MDd /GS /fp:precise /Zc:wchar_t /Zc:forScope /Fo"Debug\\" /Fd"Debug\vc100.pdb" /Gd /TP /analyze- /errorReport:prompt eXait_CodeCacheDetectionByFEEDBEAF.cpp
         eXait_CodeCacheDetectionByFEEDBEAF.cpp
       Link:
         C:\Program Files (x86)\Microsoft Visual Studio 10.0\VC\bin\link.exe /ERRORREPORT:PROMPT /OUT:"C:\Users\Ailton\Documents\GitHub\eXait_Plugin_CodeCacheDetectionByFEEDBEAF\Debug\eXait_CodeCacheDetectionByFEEDBEAF.dll" /INCREMENTAL:NO /NOLOGO kernel32.lib user32.lib gdi32.lib winspool.lib comdlg32.lib advapi32.lib shell32.lib ole32.lib oleaut32.lib uuid.lib odbc32.lib odbccp32.lib /MANIFEST /ManifestFile:"Debug\eXait_CodeCacheDetectionByFEEDBEAF.dll.intermediate.manifest" /MANIFESTUAC:"level='asInvoker' uiAccess='false'" /DEBUG /PDB:"C:\Users\Ailton\Documents\GitHub\eXait_Plugin_CodeCacheDetectionByFEEDBEAF\Debug\eXait_CodeCacheDetectionByFEEDBEAF.pdb" /SUBSYSTEM:CONSOLE /TLBID:1 /DYNAMICBASE /NXCOMPAT /IMPLIB:"C:\Users\Ailton\Documents\GitHub\eXait_Plugin_CodeCacheDetectionByFEEDBEAF\Debug\eXait_CodeCacheDetectionByFEEDBEAF.lib" /MACHINE:X86 /DLL Debug\eXait_CodeCacheDetectionByFEEDBEAF.obj
         Debug\MemUpdateMapInformations.obj
     1>eXait_CodeCacheDetectionByFEEDBEAF.obj : warning LNK4075: ignoring '/EDITANDCONTINUE' due to '/INCREMENTAL:NO' specification
            Creating library C:\Users\Ailton\Documents\GitHub\eXait_Plugin_CodeCacheDetectionByFEEDBEAF\Debug\eXait_CodeCacheDetectionByFEEDBEAF.lib and object C:\Users\Ailton\Documents\GitHub\eXait_Plugin_CodeCacheDetectionByFEEDBEAF\Debug\eXait_CodeCacheDetectionByFEEDBEAF.exp
         CodeCacheDetectionByFEEDBEAF.vcxproj -> C:\Users\Ailton\Documents\GitHub\eXait_Plugin_CodeCacheDetectionByFEEDBEAF\Debug\eXait_CodeCacheDetectionByFEEDBEAF.dll
       Manifest:
         C:\Program Files (x86)\Microsoft SDKs\Windows\v7.0A\bin\mt.exe /nologo /verbose /outputresource:"C:\Users\Ailton\Documents\GitHub\eXait_Plugin_CodeCacheDetectionByFEEDBEAF\Debug\eXait_CodeCacheDetectionByFEEDBEAF.dll;#2" /manifest Debug\eXait_CodeCacheDetectionByFEEDBEAF.dll.intermediate.manifest
       FinalizeBuildStatus:
         Deleting file "Debug\eXait_CodeCacheDetectionByFEEDBEAF.unsuccessfulbuild".
         Touching "Debug\eXait_CodeCacheDetectionByFEEDBEAF.lastbuildstate".
     1>Done Building Project "C:\Users\Ailton\Documents\GitHub\eXait_Plugin_CodeCacheDetectionByFEEDBEAF\CodeCacheDetectionByFEEDBEAF\CodeCacheDetectionByFEEDBEAF.vcxproj" (build target(s)).

Build succeeded.

Time Elapsed 00:00:01.17
