C:\USERS\AILTO\DOCUMENTS\VISUAL STUDIO 2010\PROJECTS\CODECACHEDETECTIONBYCODE\CODECACHEDETECTIONBYCODE\DEBUG\CODECACHEDETECTIONBYCODE.DLL.EMBED.MANIFEST
C:\USERS\AILTO\DOCUMENTS\VISUAL STUDIO 2010\PROJECTS\CODECACHEDETECTIONBYCODE\CODECACHEDETECTIONBYCODE\DEBUG\CODECACHEDETECTIONBYCODE.DLL.EMBED.MANIFEST.RES
C:\USERS\AILTO\DOCUMENTS\VISUAL STUDIO 2010\PROJECTS\CODECACHEDETECTIONBYCODE\CODECACHEDETECTIONBYCODE\DEBUG\CODECACHEDETECTIONBYCODE.DLL.INTERMEDIATE.MANIFEST
C:\USERS\AILTO\DOCUMENTS\VISUAL STUDIO 2010\PROJECTS\CODECACHEDETECTIONBYCODE\CODECACHEDETECTIONBYCODE\DEBUG\CODECACHEDETECTIONBYCODE.OBJ
C:\USERS\AILTO\DOCUMENTS\VISUAL STUDIO 2010\PROJECTS\CODECACHEDETECTIONBYCODE\CODECACHEDETECTIONBYCODE\DEBUG\MEMUPDATEMAPINFORMATIONS.OBJ
C:\USERS\AILTO\DOCUMENTS\VISUAL STUDIO 2010\PROJECTS\CODECACHEDETECTIONBYCODE\CODECACHEDETECTIONBYCODE\DEBUG\VC100.PDB
C:\USERS\AILTO\DOCUMENTS\VISUAL STUDIO 2010\PROJECTS\CODECACHEDETECTIONBYCODE\DEBUG\CODECACHEDETECTIONBYCODE.DLL
C:\Users\ailto\Documents\Visual Studio 2010\Projects\CodeCacheDetectionByCode\Debug\CodeCacheDetectionByCode.exp
C:\USERS\AILTO\DOCUMENTS\VISUAL STUDIO 2010\PROJECTS\CODECACHEDETECTIONBYCODE\DEBUG\CODECACHEDETECTIONBYCODE.ILK
C:\Users\ailto\Documents\Visual Studio 2010\Projects\CodeCacheDetectionByCode\Debug\CodeCacheDetectionByCode.lib
C:\USERS\AILTO\DOCUMENTS\VISUAL STUDIO 2010\PROJECTS\CODECACHEDETECTIONBYCODE\DEBUG\CODECACHEDETECTIONBYCODE.PDB
C:\Users\ailto\Documents\Visual Studio 2010\Projects\eXait_CodeCacheDetectionByCode\CodeCacheDetectionByCode\Debug\cl.command.1.tlog
C:\Users\ailto\Documents\Visual Studio 2010\Projects\eXait_CodeCacheDetectionByCode\CodeCacheDetectionByCode\Debug\CL.read.1.tlog
C:\Users\ailto\Documents\Visual Studio 2010\Projects\eXait_CodeCacheDetectionByCode\CodeCacheDetectionByCode\Debug\CL.write.1.tlog
C:\Users\ailto\Documents\Visual Studio 2010\Projects\eXait_CodeCacheDetectionByCode\CodeCacheDetectionByCode\Debug\CodeCacheDetectionByCode.dll.embed.manifest
C:\Users\ailto\Documents\Visual Studio 2010\Projects\eXait_CodeCacheDetectionByCode\CodeCacheDetectionByCode\Debug\CodeCacheDetectionByCode.dll.embed.manifest.res
C:\Users\ailto\Documents\Visual Studio 2010\Projects\eXait_CodeCacheDetectionByCode\CodeCacheDetectionByCode\Debug\CodeCacheDetectionByCode.dll.intermediate.manifest
C:\Users\ailto\Documents\Visual Studio 2010\Projects\eXait_CodeCacheDetectionByCode\CodeCacheDetectionByCode\Debug\CodeCacheDetectionByCode.obj
C:\Users\ailto\Documents\Visual Studio 2010\Projects\eXait_CodeCacheDetectionByCode\CodeCacheDetectionByCode\Debug\CodeCacheDetectionByCode.write.1.tlog
C:\Users\ailto\Documents\Visual Studio 2010\Projects\eXait_CodeCacheDetectionByCode\CodeCacheDetectionByCode\Debug\CodeCacheDetectionByCode_manifest.rc
C:\Users\ailto\Documents\Visual Studio 2010\Projects\eXait_CodeCacheDetectionByCode\CodeCacheDetectionByCode\Debug\link.7432.read.1.tlog
C:\Users\ailto\Documents\Visual Studio 2010\Projects\eXait_CodeCacheDetectionByCode\CodeCacheDetectionByCode\Debug\link.7432.write.1.tlog
C:\Users\ailto\Documents\Visual Studio 2010\Projects\eXait_CodeCacheDetectionByCode\CodeCacheDetectionByCode\Debug\link.7432-cvtres.read.1.tlog
C:\Users\ailto\Documents\Visual Studio 2010\Projects\eXait_CodeCacheDetectionByCode\CodeCacheDetectionByCode\Debug\link.7432-cvtres.write.1.tlog
C:\Users\ailto\Documents\Visual Studio 2010\Projects\eXait_CodeCacheDetectionByCode\CodeCacheDetectionByCode\Debug\link.command.1.tlog
C:\Users\ailto\Documents\Visual Studio 2010\Projects\eXait_CodeCacheDetectionByCode\CodeCacheDetectionByCode\Debug\link.read.1.tlog
C:\Users\ailto\Documents\Visual Studio 2010\Projects\eXait_CodeCacheDetectionByCode\CodeCacheDetectionByCode\Debug\link.write.1.tlog
C:\Users\ailto\Documents\Visual Studio 2010\Projects\eXait_CodeCacheDetectionByCode\CodeCacheDetectionByCode\Debug\link-cvtres.read.1.tlog
C:\Users\ailto\Documents\Visual Studio 2010\Projects\eXait_CodeCacheDetectionByCode\CodeCacheDetectionByCode\Debug\link-cvtres.write.1.tlog
C:\Users\ailto\Documents\Visual Studio 2010\Projects\eXait_CodeCacheDetectionByCode\CodeCacheDetectionByCode\Debug\MemUpdateMapInformations.obj
C:\Users\ailto\Documents\Visual Studio 2010\Projects\eXait_CodeCacheDetectionByCode\CodeCacheDetectionByCode\Debug\mt.command.1.tlog
C:\Users\ailto\Documents\Visual Studio 2010\Projects\eXait_CodeCacheDetectionByCode\CodeCacheDetectionByCode\Debug\mt.read.1.tlog
C:\Users\ailto\Documents\Visual Studio 2010\Projects\eXait_CodeCacheDetectionByCode\CodeCacheDetectionByCode\Debug\mt.write.1.tlog
C:\Users\ailto\Documents\Visual Studio 2010\Projects\eXait_CodeCacheDetectionByCode\CodeCacheDetectionByCode\Debug\rc.command.1.tlog
C:\Users\ailto\Documents\Visual Studio 2010\Projects\eXait_CodeCacheDetectionByCode\CodeCacheDetectionByCode\Debug\rc.read.1.tlog
C:\Users\ailto\Documents\Visual Studio 2010\Projects\eXait_CodeCacheDetectionByCode\CodeCacheDetectionByCode\Debug\rc.write.1.tlog
C:\Users\ailto\Documents\Visual Studio 2010\Projects\eXait_CodeCacheDetectionByCode\CodeCacheDetectionByCode\Debug\vc100.idb
C:\Users\ailto\Documents\Visual Studio 2010\Projects\eXait_CodeCacheDetectionByCode\CodeCacheDetectionByCode\Debug\vc100.pdb
